<?xml version="1.0" encoding="UTF-8"?>
<testng-results ignored="0" total="1" passed="1" failed="0" skipped="0">
  <reporter-output>
  </reporter-output>
  <suite started-at="2022-01-21T18:12:31 BRT" name="Default suite" finished-at="2022-01-21T18:12:42 BRT" duration-ms="11743">
    <groups>
    </groups>
    <test started-at="2022-01-21T18:12:31 BRT" name="Default test" finished-at="2022-01-21T18:12:42 BRT" duration-ms="11743">
      <class name="test.TestNG_Demo">
        <test-method is-config="true" signature="setUpTest()[pri:0, instance:test.TestNG_Demo@6572421]" started-at="2022-01-21T18:12:31 BRT" name="setUpTest" finished-at="2022-01-21T18:12:35 BRT" duration-ms="4574" status="PASS">
          <reporter-output>
          </reporter-output>
        </test-method> <!-- setUpTest -->
        <test-method signature="googleSearchTest()[pri:0, instance:test.TestNG_Demo@6572421]" started-at="2022-01-21T18:12:35 BRT" name="googleSearchTest" finished-at="2022-01-21T18:12:42 BRT" duration-ms="6894" status="PASS">
          <reporter-output>
          </reporter-output>
        </test-method> <!-- googleSearchTest -->
        <test-method is-config="true" signature="tearDown()[pri:0, instance:test.TestNG_Demo@6572421]" started-at="2022-01-21T18:12:42 BRT" name="tearDown" finished-at="2022-01-21T18:12:42 BRT" duration-ms="196" status="PASS">
          <reporter-output>
          </reporter-output>
        </test-method> <!-- tearDown -->
      </class> <!-- test.TestNG_Demo -->
    </test> <!-- Default test -->
  </suite> <!-- Default suite -->
</testng-results>
